# JRE version: Java(TM) SE Runtime Environment (19.0.1+10) (build 19.0.1+10-21)
# Java VM: Java HotSpot(TM) 64-Bit Server VM (19.0.1+10-21, mixed mode, sharing, tiered, compressed oops, compressed class ptrs, g1 gc, windows-amd64)
GC Precious Log:
 CardTable entry size: 512
 Card Set container configuration: InlinePtr #cards 4 size 8 Array Of Cards #cards 16 size 48 Howl #buckets 8 coarsen threshold 3686 Howl Bitmap #cards 512 size 80 coarsen threshold 460 Card regions per heap region 1 cards per card region 4096
 CPUs: 8 total, 8 available
 Memory: 12168M
 Large Page Support: Disabled
 NUMA Support: Disabled
 Compressed Oops: Enabled (Zero based)
 Heap Region Size: 2M
 Heap Min Capacity: 8M
 Heap Initial Capacity: 192M
 Heap Max Capacity: 3044M
 Pre-touch: Disabled
 Parallel Workers: 8
 Concurrent Workers: 2
 Concurrent Refinement Workers: 8
 Periodic GC: Disabled
Heap:
 garbage-first heap   total 276480K, used 79269K [0x0000000741c00000, 0x0000000800000000)
  region size 2048K, 17 young (34816K), 3 survivors (6144K)
 Metaspace       used 32700K, committed 32960K, reserved 1114112K
  class space    used 3540K, committed 3648K, reserved 1048576K
GC Heap History (16 events):
Event: 1.173 GC heap before
{Heap before GC invocations=0 (full 0):
 garbage-first heap   total 196608K, used 22528K [0x0000000741c00000, 0x0000000800000000)
  region size 2048K, 11 young (22528K), 0 survivors (0K)
 Metaspace       used 6738K, committed 6912K, reserved 1114112K
  class space    used 579K, committed 640K, reserved 1048576K
}
Event: 1.183 GC heap after
{Heap after GC invocations=1 (full 0):
 garbage-first heap   total 196608K, used 4996K [0x0000000741c00000, 0x0000000800000000)
  region size 2048K, 2 young (4096K), 2 survivors (4096K)
 Metaspace       used 6738K, committed 6912K, reserved 1114112K
  class space    used 579K, committed 640K, reserved 1048576K
}
Event: 1.997 GC heap before
{Heap before GC invocations=1 (full 0):
 garbage-first heap   total 196608K, used 33668K [0x0000000741c00000, 0x0000000800000000)
  region size 2048K, 17 young (34816K), 2 survivors (4096K)
 Metaspace       used 9496K, committed 9664K, reserved 1114112K
  class space    used 788K, committed 896K, reserved 1048576K
}
Event: 2.013 GC heap after
{Heap after GC invocations=2 (full 0):
 garbage-first heap   total 196608K, used 12967K [0x0000000741c00000, 0x0000000800000000)
  region size 2048K, 3 young (6144K), 3 survivors (6144K)
 Metaspace       used 9496K, committed 9664K, reserved 1114112K
  class space    used 788K, committed 896K, reserved 1048576K
}
Event: 3.057 GC heap before
{Heap before GC invocations=2 (full 0):
 garbage-first heap   total 196608K, used 64167K [0x0000000741c00000, 0x0000000800000000)
  region size 2048K, 28 young (57344K), 3 survivors (6144K)
 Metaspace       used 12907K, committed 13056K, reserved 1114112K
  class space    used 1071K, committed 1152K, reserved 1048576K
}
Event: 3.080 GC heap after
{Heap after GC invocations=3 (full 0):
 garbage-first heap   total 196608K, used 20632K [0x0000000741c00000, 0x0000000800000000)
  region size 2048K, 4 young (8192K), 4 survivors (8192K)
 Metaspace       used 12907K, committed 13056K, reserved 1114112K
  class space    used 1071K, committed 1152K, reserved 1048576K
}
Event: 5.141 GC heap before
{Heap before GC invocations=3 (full 0):
 garbage-first heap   total 196608K, used 94360K [0x0000000741c00000, 0x0000000800000000)
  region size 2048K, 40 young (81920K), 4 survivors (8192K)
 Metaspace       used 17128K, committed 17280K, reserved 1114112K
  class space    used 1610K, committed 1664K, reserved 1048576K
}
Event: 5.163 GC heap after
{Heap after GC invocations=4 (full 0):
 garbage-first heap   total 196608K, used 28993K [0x0000000741c00000, 0x0000000800000000)
  region size 2048K, 5 young (10240K), 5 survivors (10240K)
 Metaspace       used 17128K, committed 17280K, reserved 1114112K
  class space    used 1610K, committed 1664K, reserved 1048576K
}
Event: 7.399 GC heap before
{Heap before GC invocations=4 (full 0):
 garbage-first heap   total 196608K, used 65857K [0x0000000741c00000, 0x0000000800000000)
  region size 2048K, 24 young (49152K), 5 survivors (10240K)
 Metaspace       used 21329K, committed 21504K, reserved 1114112K
  class space    used 2169K, committed 2240K, reserved 1048576K
}
Event: 7.414 GC heap after
{Heap after GC invocations=5 (full 0):
 garbage-first heap   total 196608K, used 33112K [0x0000000741c00000, 0x0000000800000000)
  region size 2048K, 2 young (4096K), 2 survivors (4096K)
 Metaspace       used 21329K, committed 21504K, reserved 1114112K
  class space    used 2169K, committed 2240K, reserved 1048576K
}
Event: 9.512 GC heap before
{Heap before GC invocations=6 (full 0):
 garbage-first heap   total 131072K, used 106840K [0x0000000741c00000, 0x0000000800000000)
  region size 2048K, 38 young (77824K), 2 survivors (4096K)
 Metaspace       used 27941K, committed 28224K, reserved 1114112K
  class space    used 2936K, committed 3072K, reserved 1048576K
}
Event: 9.532 GC heap after
{Heap after GC invocations=7 (full 0):
 garbage-first heap   total 131072K, used 41302K [0x0000000741c00000, 0x0000000800000000)
  region size 2048K, 5 young (10240K), 5 survivors (10240K)
 Metaspace       used 27941K, committed 28224K, reserved 1114112K
  class space    used 2936K, committed 3072K, reserved 1048576K
}
Event: 9.547 GC heap before
{Heap before GC invocations=7 (full 0):
 garbage-first heap   total 131072K, used 43350K [0x0000000741c00000, 0x0000000800000000)
  region size 2048K, 6 young (12288K), 5 survivors (10240K)
 Metaspace       used 28030K, committed 28288K, reserved 1114112K
  class space    used 2941K, committed 3072K, reserved 1048576K
}
Event: 9.563 GC heap after
{Heap after GC invocations=8 (full 0):
 garbage-first heap   total 131072K, used 42935K [0x0000000741c00000, 0x0000000800000000)
  region size 2048K, 1 young (2048K), 1 survivors (2048K)
 Metaspace       used 28030K, committed 28288K, reserved 1114112K
  class space    used 2941K, committed 3072K, reserved 1048576K
}
Event: 10.443 GC heap before
{Heap before GC invocations=8 (full 0):
 garbage-first heap   total 131072K, used 92087K [0x0000000741c00000, 0x0000000800000000)
  region size 2048K, 25 young (51200K), 1 survivors (2048K)
 Metaspace       used 31051K, committed 31296K, reserved 1114112K
  class space    used 3319K, committed 3456K, reserved 1048576K
}
Event: 10.452 GC heap after
{Heap after GC invocations=9 (full 0):
 garbage-first heap   total 276480K, used 46501K [0x0000000741c00000, 0x0000000800000000)
  region size 2048K, 3 young (6144K), 3 survivors (6144K)
 Metaspace       used 31051K, committed 31296K, reserved 1114112K
  class space    used 3319K, committed 3456K, reserved 1048576K
}

